<?xml version="1.0" encoding="UTF-8" ?>
<testsuite errors="0" failures="0" hostname="27936rwa-245" name="com.aa.selfservice.cs.scratchpad.test.CalcTest" tests="6" time="0.676" timestamp="2014-07-01T19:22:00">
  <properties>
    <property name="java.vendor" value="Oracle Corporation" />
    <property name="lib.dir" value="D:\AAsrc\workspace\Scratchpad/lib/runtime" />
    <property name="sun.java.launcher" value="SUN_STANDARD" />
    <property name="eclipse.pdebuild.templates" value="/C:/SpringToolsSuite/sts-3.5.1.RELEASE/plugins/org.eclipse.pde.build_3.8.100.v20130514-1028/templates/" />
    <property name="sun.management.compiler" value="HotSpot 64-Bit Tiered Compilers" />
    <property name="os.name" value="Windows 7" />
    <property name="sun.boot.class.path" value="C:\Program Files\Java\jdk1.7.0_55\jre\lib\resources.jar;C:\Program Files\Java\jdk1.7.0_55\jre\lib\rt.jar;C:\Program Files\Java\jdk1.7.0_55\jre\lib\sunrsasign.jar;C:\Program Files\Java\jdk1.7.0_55\jre\lib\jsse.jar;C:\Program Files\Java\jdk1.7.0_55\jre\lib\jce.jar;C:\Program Files\Java\jdk1.7.0_55\jre\lib\charsets.jar;C:\Program Files\Java\jdk1.7.0_55\jre\lib\jfr.jar;C:\Program Files\Java\jdk1.7.0_55\jre\classes" />
    <property name="TODAY" value="20140701" />
    <property name="sun.desktop" value="windows" />
    <property name="java.vm.specification.vendor" value="Oracle Corporation" />
    <property name="ant.home" value="C:\SpringToolsSuite\sts-3.5.1.RELEASE\plugins\org.apache.ant_1.8.4.v201303080030" />
    <property name="java.runtime.version" value="1.7.0_55-b13" />
    <property name="integ.test.dir" value="test/integ" />
    <property name="templates" value="D:\AAsrc\workspace\Scratchpad/templates" />
    <property name="gen.dir" value="D:\AAsrc\workspace\Scratchpad/gen-src" />
    <property name="release.dir" value="D:\AAsrc\workspace\Scratchpad/release" />
    <property name="user.name" value="crael" />
    <property name="deploy.dir" value="D:\AAsrc\workspace\Scratchpad/release/deploy" />
    <property name="reports.unit-test.dir" value="test/test-results" />
    <property name="user.language" value="en" />
    <property name="sun.boot.library.path" value="C:\Program Files\Java\jdk1.7.0_55\jre\bin" />
    <property name="integ.test.src" value="test/integ/integ-test-src" />
    <property name="ant.project.default-target" value="coverage.test" />
    <property name="ant.project.name" value="Scratchpad_build" />
    <property name="DSTAMP" value="20140701" />
    <property name="scripts" value="D:\AAsrc\workspace\Scratchpad/antScripts" />
    <property name="java.version" value="1.7.0_55" />
    <property name="user.timezone" value="" />
    <property name="ear.meta" value="D:\AAsrc\workspace\Scratchpad/ear/META-INF" />
    <property name="sun.arch.data.model" value="64" />
    <property name="classpath" value="" />
    <property name="java.endorsed.dirs" value="C:\Program Files\Java\jdk1.7.0_55\jre\lib\endorsed" />
    <property name="sun.cpu.isalist" value="amd64" />
    <property name="sun.jnu.encoding" value="Cp1252" />
    <property name="file.encoding.pkg" value="sun.io" />
    <property name="file.separator" value="\" />
    <property name="java.specification.name" value="Java Platform API Specification" />
    <property name="classes.dir" value="D:\AAsrc\workspace\Scratchpad/bin/classes" />
    <property name="java.class.version" value="51.0" />
    <property name="user.country" value="US" />
    <property name="java.home" value="C:\Program Files\Java\jdk1.7.0_55\jre" />
    <property name="java.vm.info" value="mixed mode" />
    <property name="ant.file" value="D:\AAsrc\workspace\Scratchpad\build.xml" />
    <property name="os.version" value="6.1" />
    <property name="compile.lib" value="D:\AAsrc\workspace\Scratchpad/lib/compile" />
    <property name="app.config" value="D:\AAsrc\workspace\Scratchpad/config" />
    <property name="path.separator" value=";" />
    <property name="java.vm.version" value="24.55-b03" />
    <property name="user.variant" value="" />
    <property name="ant.library.dir" value="C:\SpringToolsSuite\sts-3.5.1.RELEASE\plugins\org.apache.ant_1.8.4.v201303080030\lib" />
    <property name="java.awt.printerjob" value="sun.awt.windows.WPrinterJob" />
    <property name="client.lib" value="D:\AAsrc\workspace\Scratchpad/lib/client" />
    <property name="sun.io.unicode.encoding" value="UnicodeLittle" />
    <property name="awt.toolkit" value="sun.awt.windows.WToolkit" />
    <property name="user.script" value="" />
    <property name="eclipse.pdebuild.scripts" value="/C:/SpringToolsSuite/sts-3.5.1.RELEASE/plugins/org.eclipse.pde.build_3.8.100.v20130514-1028/scripts/" />
    <property name="user.home" value="C:\Users\CRael" />
    <property name="java.specification.vendor" value="Oracle Corporation" />
    <property name="test.dir" value="test" />
    <property name="tmp.dir" value="D:\AAsrc\workspace\Scratchpad/tmp" />
    <property name="java.library.path" value="C:\Program Files\Java\jdk1.7.0_55\jre\bin;C:\Windows\Sun\Java\bin;C:\Windows\system32;C:\Windows;C:\oracle\product\11.1.0\client_1\bin;%CommonProgramFiles%\Microsoft Shared\Windows Live;C:\Windows\system32;C:\Windows;C:\Windows\System32\Wbem;C:\Windows\System32\WindowsPowerShell\v1.0\;C:\Program Files (x86)\Microsoft SQL Server\100\Tools\Binn\VSShell\Common7\IDE\;C:\Program Files (x86)\Microsoft SQL Server\100\Tools\Binn\;C:\Program Files\Microsoft SQL Server\100\Tools\Binn\;C:\Program Files (x86)\Microsoft SQL Server\100\DTS\Binn\;C:\Program Files (x86)\Microsoft Team Foundation Server 2010 Power Tools\;C:\Program Files (x86)\Microsoft Team Foundation Server 2010 Power Tools\Best Practices Analyzer\;C:\PROGRA~2\IBM\SQLLIB\BIN;C:\PROGRA~2\IBM\SQLLIB\FUNCTION;C:\PROGRA~2\IBM\SQLLIB\SAMPLES\REPL;C:\Program Files (x86)\Tealeaf;C:\Program Files\Microsoft Network Monitor 3\;C:\Program Files (x86)\Microsoft ASP.NET\ASP.NET Web Pages\v1.0\;C:\Program Files\Microsoft SQL Server\100\DTS\Binn\;C:\Program Files\Microsoft SQL Server\110\Tools\Binn\;C:\Program Files\Microsoft\Web Platform Installer\;C:\Program Files (x86)\Windows Kits\8.0\Windows Performance Toolkit\;C:\Program Files (x86)\QuickTime\QTSystem\;C:\Program Files (x86)\AccuRev\bin;C:\Program Files (x86)\AccuRev6\bin;C:\Program Files (x86)\SSH Communications Security\SSH Secure Shell;." />
    <property name="java.vendor.url" value="http://java.oracle.com/" />
    <property name="shared.lib" value="D:\AAsrc\workspace\Scratchpad/lib/shared" />
    <property name="tst.lib" value="D:\AAsrc\workspace\Scratchpad/lib/tstlib" />
    <property name="java.vm.vendor" value="Oracle Corporation" />
    <property name="java.runtime.name" value="Java(TM) SE Runtime Environment" />
    <property name="sun.java.command" value="org.apache.tools.ant.taskdefs.optional.junit.JUnitTestRunner com.aa.selfservice.cs.scratchpad.test.CalcTest filtertrace=true haltOnError=false haltOnFailure=false showoutput=true outputtoformatters=true logfailedtests=true logtestlistenerevents=false formatter=org.apache.tools.ant.taskdefs.optional.junit.XMLJUnitResultFormatter,D:\AAsrc\workspace\Scratchpad\test\test-results\TEST-com.aa.selfservice.cs.scratchpad.test.CalcTest.xml crashfile=D:\AAsrc\workspace\Scratchpad\junitvmwatcher5226197655969353453.properties propsfile=D:\AAsrc\workspace\Scratchpad\junit5767234718065392642.properties" />
    <property name="java.class.path" value="D:\AAsrc\workspace\Scratchpad\lib\compile\cglib-nodep-2.2.2.jar;D:\AAsrc\workspace\Scratchpad\lib\compile\easymock-3.2.jar;D:\AAsrc\workspace\Scratchpad\lib\compile\hamcrest-core-1.3.jar;D:\AAsrc\workspace\Scratchpad\lib\compile\javassist-3.18.2-GA.jar;D:\AAsrc\workspace\Scratchpad\lib\compile\junit-4.11.jar;D:\AAsrc\workspace\Scratchpad\lib\compile\objenesis-2.1.jar;D:\AAsrc\workspace\Scratchpad\lib\compile\powermock-easymock-1.5.5-full.jar;D:\AAsrc\workspace\Scratchpad\lib\shared\FastInfoset-1.2.13.jar;D:\AAsrc\workspace\Scratchpad\lib\shared\aopalliance-1.0.jar;D:\AAsrc\workspace\Scratchpad\lib\shared\asm-3.3.1.jar;D:\AAsrc\workspace\Scratchpad\lib\shared\axiom-api-1.2.12.jar;D:\AAsrc\workspace\Scratchpad\lib\shared\axiom-dom-1.2.12.jar;D:\AAsrc\workspace\Scratchpad\lib\shared\axiom-impl-1.2.12.jar;D:\AAsrc\workspace\Scratchpad\lib\shared\commons-beanutils.jar;D:\AAsrc\workspace\Scratchpad\lib\shared\commons-codec-1.8.jar;D:\AAsrc\workspace\Scratchpad\lib\shared\commons-collections-3.2.1.jar;D:\AAsrc\workspace\Scratchpad\lib\shared\commons-lang-2.6.jar;D:\AAsrc\workspace\Scratchpad\lib\shared\commons-logging-1.1.1.jar;D:\AAsrc\workspace\Scratchpad\lib\shared\commons-validator-1.1.4.jar;D:\AAsrc\workspace\Scratchpad\lib\shared\geronimo-activation_1.1_spec-1.0.2.jar;D:\AAsrc\workspace\Scratchpad\lib\shared\geronimo-annotation_1.0_spec-1.1.1.jar;D:\AAsrc\workspace\Scratchpad\lib\shared\geronimo-javamail_1.4_spec-1.6.jar;D:\AAsrc\workspace\Scratchpad\lib\shared\geronimo-jaxws_2.2_spec-1.1.jar;D:\AAsrc\workspace\Scratchpad\lib\shared\geronimo-stax-api_1.0_spec-1.0.1.jar;D:\AAsrc\workspace\Scratchpad\lib\shared\geronimo-ws-metadata_2.0_spec-1.1.2.jar;D:\AAsrc\workspace\Scratchpad\lib\shared\httpclient-4.2.1.jar;D:\AAsrc\workspace\Scratchpad\lib\shared\httpcore-4.2.1.jar;D:\AAsrc\workspace\Scratchpad\lib\shared\httpcore-nio-4.1.4.jar;D:\AAsrc\workspace\Scratchpad\lib\shared\javax.ws.rs-api-2.0-m10.jar;D:\AAsrc\workspace\Scratchpad\lib\shared\jaxb-api-2.2.6.jar;D:\AAsrc\workspace\Scratchpad\lib\shared\jaxb-impl-2.2.6.jar;D:\AAsrc\workspace\Scratchpad\lib\shared\jaxb-xjc-2.2.6.jar;D:\AAsrc\workspace\Scratchpad\lib\shared\jaxws-api-2.1-1.jar;D:\AAsrc\workspace\Scratchpad\lib\shared\jettison-1.3.4.jar;D:\AAsrc\workspace\Scratchpad\lib\shared\jra-1.0-alpha-4.jar;D:\AAsrc\workspace\Scratchpad\lib\shared\log4j-1.2.15.jar;D:\AAsrc\workspace\Scratchpad\lib\shared\neethi-3.0.2.jar;D:\AAsrc\workspace\Scratchpad\lib\shared\saaj-api-1.3.jar;D:\AAsrc\workspace\Scratchpad\lib\shared\saaj-impl-1.3.2.jar;D:\AAsrc\workspace\Scratchpad\lib\shared\serializer-2.7.1.jar;D:\AAsrc\workspace\Scratchpad\lib\shared\spring-aop-3.2.1.RELEASE.jar;D:\AAsrc\workspace\Scratchpad\lib\shared\spring-aspects-3.2.1.RELEASE.jar;D:\AAsrc\workspace\Scratchpad\lib\shared\spring-beans-3.2.1.RELEASE.jar;D:\AAsrc\workspace\Scratchpad\lib\shared\spring-context-3.2.1.RELEASE.jar;D:\AAsrc\workspace\Scratchpad\lib\shared\spring-context-support-3.2.1.RELEASE.jar;D:\AAsrc\workspace\Scratchpad\lib\shared\spring-core-3.2.1.RELEASE.jar;D:\AAsrc\workspace\Scratchpad\lib\shared\spring-expression-3.2.1.RELEASE.jar;D:\AAsrc\workspace\Scratchpad\lib\shared\spring-instrument-3.2.1.RELEASE.jar;D:\AAsrc\workspace\Scratchpad\lib\shared\spring-instrument-tomcat-3.2.1.RELEASE.jar;D:\AAsrc\workspace\Scratchpad\lib\shared\spring-integration-core-2.2.6.RELEASE.jar;D:\AAsrc\workspace\Scratchpad\lib\shared\spring-integration-http-2.2.6.RELEASE.jar;D:\AAsrc\workspace\Scratchpad\lib\shared\spring-integration-stream-2.2.6.RELEASE.jar;D:\AAsrc\workspace\Scratchpad\lib\shared\spring-integration-ws-2.2.6.RELEASE.jar;D:\AAsrc\workspace\Scratchpad\lib\shared\spring-integration-xml-2.2.6.RELEASE.jar;D:\AAsrc\workspace\Scratchpad\lib\shared\spring-jdbc-3.2.1.RELEASE.jar;D:\AAsrc\workspace\Scratchpad\lib\shared\spring-jms-3.2.1.RELEASE.jar;D:\AAsrc\workspace\Scratchpad\lib\shared\spring-orm-3.2.1.RELEASE.jar;D:\AAsrc\workspace\Scratchpad\lib\shared\spring-oxm-3.2.1.RELEASE.jar;D:\AAsrc\workspace\Scratchpad\lib\shared\spring-struts-3.2.1.RELEASE.jar;D:\AAsrc\workspace\Scratchpad\lib\shared\spring-test-3.2.1.RELEASE.jar;D:\AAsrc\workspace\Scratchpad\lib\shared\spring-tx-3.2.1.RELEASE.jar;D:\AAsrc\workspace\Scratchpad\lib\shared\spring-web-3.2.1.RELEASE.jar;D:\AAsrc\workspace\Scratchpad\lib\shared\spring-webmvc-3.2.1.RELEASE.jar;D:\AAsrc\workspace\Scratchpad\lib\shared\spring-webmvc-portlet-3.2.1.RELEASE.jar;D:\AAsrc\workspace\Scratchpad\lib\shared\spring-ws-core-2.1.1.RELEASE.jar;D:\AAsrc\workspace\Scratchpad\lib\shared\spring-xml-2.1.1.RELEASE.jar;D:\AAsrc\workspace\Scratchpad\lib\shared\stax2-api-3.1.1.jar;D:\AAsrc\workspace\Scratchpad\lib\shared\sunjce_provider.jar;D:\AAsrc\workspace\Scratchpad\lib\shared\velocity-1.7.jar;D:\AAsrc\workspace\Scratchpad\lib\shared\woodstox-core-asl-4.2.0.jar;D:\AAsrc\workspace\Scratchpad\lib\shared\woodstox-core-lgpl-4.2.0.jar;D:\AAsrc\workspace\Scratchpad\lib\shared\wsdl4j-1.6.2.jar;D:\AAsrc\workspace\Scratchpad\lib\shared\wss4j-1.5.8.jar;D:\AAsrc\workspace\Scratchpad\lib\shared\wstx-asl-3.2.9.jar;D:\AAsrc\workspace\Scratchpad\lib\shared\xalan-2.7.1.jar;D:\AAsrc\workspace\Scratchpad\lib\shared\xml-resolver-1.2.jar;D:\AAsrc\workspace\Scratchpad\lib\shared\xmlschema-core-2.0.3.jar;D:\AAsrc\workspace\Scratchpad\lib\shared\xmlsec-1.4.3.jar;D:\AAsrc\workspace\Scratchpad\lib\shared\xstream-1.2.1.jar;D:\AAsrc\workspace\Scratchpad\bin\classes;D:\AAsrc\workspace\Scratchpad\test\unit\unit-test-src;C:\PROGRA~2\IBM\SQLLIB\java\db2java.zip;C:\PROGRA~2\IBM\SQLLIB\java\db2jcc.jar;C:\PROGRA~2\IBM\SQLLIB\java\sqlj.zip;C:\PROGRA~2\IBM\SQLLIB\java\db2jcc_license_cisuz.jar;C:\PROGRA~2\IBM\SQLLIB\java\db2jcc_license_cu.jar;C:\PROGRA~2\IBM\SQLLIB\bin;C:\PROGRA~2\IBM\SQLLIB\java\common.jar;C:\SpringToolsSuite\sts-3.5.1.RELEASE\plugins\org.apache.ant_1.8.4.v201303080030\lib\ant-launcher.jar;C:\SpringToolsSuite\sts-3.5.1.RELEASE\plugins\org.apache.ant_1.8.4.v201303080030\lib\ant.jar;C:\SpringToolsSuite\sts-3.5.1.RELEASE\plugins\org.apache.ant_1.8.4.v201303080030\lib\ant-junit.jar;C:\SpringToolsSuite\sts-3.5.1.RELEASE\plugins\org.apache.ant_1.8.4.v201303080030\lib\ant-junit4.jar" />
    <property name="ant.version" value="Apache Ant(TM) version 1.8.4 compiled on May 22 2012" />
    <property name="TSTAMP" value="1221" />
    <property name="java.vm.specification.name" value="Java Virtual Machine Specification" />
    <property name="java.vm.specification.version" value="1.7" />
    <property name="unit.test.dir" value="test/unit" />
    <property name="sun.os.patch.level" value="Service Pack 1" />
    <property name="ant.file.type.setup" value="file" />
    <property name="sun.cpu.endian" value="little" />
    <property name="ant.file.Scratchpad_build" value="D:\AAsrc\workspace\Scratchpad\build.xml" />
    <property name="java.io.tmpdir" value="C:\Users\CRael\AppData\Local\Temp\" />
    <property name="eclipse.pdebuild.home" value="/C:/SpringToolsSuite/sts-3.5.1.RELEASE/plugins/org.eclipse.pde.build_3.8.100.v20130514-1028/./" />
    <property name="java.vendor.url.bug" value="http://bugreport.sun.com/bugreport/" />
    <property name="ant.file.setup" value="D:\AAsrc\workspace\Scratchpad\antScripts\setup.xml" />
    <property name="java.awt.graphicsenv" value="sun.awt.Win32GraphicsEnvironment" />
    <property name="os.arch" value="amd64" />
    <property name="defaultAppDir" value="D:\AAsrc\workspace\Scratchpad/ear/META-INF/ibmconfig/cells/defaultCell/applications/defaultApp/deployments/defaultApp" />
    <property name="java.ext.dirs" value="C:\Program Files\Java\jdk1.7.0_55\jre\lib\ext;C:\Windows\Sun\Java\lib\ext" />
    <property name="user.dir" value="D:\AAsrc\workspace\Scratchpad" />
    <property name="line.separator" value="&#xd;&#xa;" />
    <property name="java.vm.name" value="Java HotSpot(TM) 64-Bit Server VM" />
    <property name="unit.test.src" value="test/unit/unit-test-src" />
    <property name="basedir" value="D:\AAsrc\workspace\Scratchpad" />
    <property name="ant.java.version" value="1.7" />
    <property name="ant.core.lib" value="C:\SpringToolsSuite\sts-3.5.1.RELEASE\plugins\org.apache.ant_1.8.4.v201303080030\lib\ant.jar" />
    <property name="file.encoding" value="Cp1252" />
    <property name="java.specification.version" value="1.7" />
    <property name="src.dir" value="D:\AAsrc\workspace\Scratchpad/src" />
    <property name="ant.project.invoked-targets" value="runUnitTests" />
    <property name="ant.file.type.Scratchpad_build" value="file" />
    <property name="ear.dir" value="D:\AAsrc\workspace\Scratchpad/ear" />
  </properties>
  <testcase classname="com.aa.selfservice.cs.scratchpad.test.CalcTest" name="testDivideByZero" time="0.021" />
  <testcase classname="com.aa.selfservice.cs.scratchpad.test.CalcTest" name="testAdd" time="0.002" />
  <testcase classname="com.aa.selfservice.cs.scratchpad.test.CalcTest" name="testSubtract" time="0.0" />
  <testcase classname="com.aa.selfservice.cs.scratchpad.test.CalcTest" name="testMultiplyFractional" time="0.0" />
  <testcase classname="com.aa.selfservice.cs.scratchpad.test.CalcTest" name="testDivide" time="0.001" />
  <testcase classname="com.aa.selfservice.cs.scratchpad.test.CalcTest" name="testMultiplyWhole" time="0.0" />
  <system-out><![CDATA[*****   AROUND CALL: com.aa.selfservice.cs.scratchpad.GoodCalc.divide(10.000000, 0.000000)
*****   BEFORE CALL: com.aa.selfservice.cs.scratchpad.GoodCalc.divide(10.000000, 0.000000)
*****   AROUND CALL: com.aa.selfservice.cs.scratchpad.GoodCalc.add(2.000000, 2.000000)
*****   BEFORE CALL: com.aa.selfservice.cs.scratchpad.GoodCalc.add(2.000000, 2.000000)
***** AFTER RETURN: com.aa.selfservice.cs.scratchpad.GoodCalc.add(2.000000, 2.000000) = 4.000000
***** AROUND RETURN: com.aa.selfservice.cs.scratchpad.GoodCalc.add(2.000000, 2.000000) = 4.000000
*****   AROUND CALL: com.aa.selfservice.cs.scratchpad.GoodCalc.divide(10.000000, 5.000000)
*****   BEFORE CALL: com.aa.selfservice.cs.scratchpad.GoodCalc.divide(10.000000, 5.000000)
***** AFTER RETURN: com.aa.selfservice.cs.scratchpad.GoodCalc.divide(10.000000, 5.000000) = 2.000000
***** AROUND RETURN: com.aa.selfservice.cs.scratchpad.GoodCalc.divide(10.000000, 5.000000) = 2.000000
]]></system-out>
  <system-err><![CDATA[log4j:WARN No appenders could be found for logger (org.springframework.core.env.StandardEnvironment).
log4j:WARN Please initialize the log4j system properly.
]]></system-err>
</testsuite>
